[5.206s] DEBUG:colcon:Command line arguments: ['/usr/bin/colcon', 'build', '--packages-select', 'rplidar_ros']
[5.207s] DEBUG:colcon:Parsed command line arguments: Namespace(log_base=None, log_level=None, verb_name='build', build_base='build', install_base='install', merge_install=False, symlink_install=False, test_result_base=None, continue_on_error=False, executor='parallel', parallel_workers=4, event_handlers=None, ignore_user_meta=False, metas=['./colcon.meta'], base_paths=['.'], packages_ignore=None, packages_ignore_regex=None, paths=None, packages_up_to=None, packages_up_to_regex=None, packages_above=None, packages_above_and_dependencies=None, packages_above_depth=None, packages_select_by_dep=None, packages_skip_by_dep=None, packages_skip_up_to=None, packages_select_build_failed=False, packages_skip_build_finished=False, packages_select_test_failures=False, packages_skip_test_passed=False, packages_select=['rplidar_ros'], packages_skip=None, packages_select_regex=None, packages_skip_regex=None, packages_start=None, packages_end=None, allow_overriding=[], cmake_args=None, cmake_target=None, cmake_target_skip_unavailable=False, cmake_clean_cache=False, cmake_clean_first=False, cmake_force_configure=False, ament_cmake_args=None, catkin_cmake_args=None, catkin_skip_building_tests=False, verb_parser=<colcon_defaults.argument_parser.defaults.DefaultArgumentsDecorator object at 0xffff8a54aec0>, verb_extension=<colcon_core.verb.build.BuildVerb object at 0xffff8a8547f0>, main=<bound method BuildVerb.main of <colcon_core.verb.build.BuildVerb object at 0xffff8a8547f0>>)
[5.561s] Level 1:colcon.colcon_core.package_discovery:discover_packages(colcon_meta) check parameters
[5.561s] Level 1:colcon.colcon_core.package_discovery:discover_packages(recursive) check parameters
[5.561s] Level 1:colcon.colcon_core.package_discovery:discover_packages(ignore) check parameters
[5.562s] Level 1:colcon.colcon_core.package_discovery:discover_packages(path) check parameters
[5.562s] Level 1:colcon.colcon_core.package_discovery:discover_packages(colcon_meta) discover
[5.562s] Level 1:colcon.colcon_core.package_discovery:discover_packages(recursive) discover
[5.562s] INFO:colcon.colcon_core.package_discovery:Crawling recursively for packages in '/home/scott/alpha_ws'
[5.563s] Level 1:colcon.colcon_core.package_identification:_identify(.) by extensions ['ignore', 'ignore_ament_install']
[5.563s] Level 1:colcon.colcon_core.package_identification:_identify(.) by extension 'ignore'
[5.563s] Level 1:colcon.colcon_core.package_identification:_identify(.) by extension 'ignore_ament_install'
[5.564s] Level 1:colcon.colcon_core.package_identification:_identify(.) by extensions ['colcon_pkg']
[5.564s] Level 1:colcon.colcon_core.package_identification:_identify(.) by extension 'colcon_pkg'
[5.564s] Level 1:colcon.colcon_core.package_identification:_identify(.) by extensions ['colcon_meta']
[5.564s] Level 1:colcon.colcon_core.package_identification:_identify(.) by extension 'colcon_meta'
[5.565s] Level 1:colcon.colcon_core.package_identification:_identify(.) by extensions ['ros']
[5.565s] Level 1:colcon.colcon_core.package_identification:_identify(.) by extension 'ros'
[5.641s] Level 1:colcon.colcon_core.package_identification:_identify(.) by extensions ['cmake', 'python']
[5.641s] Level 1:colcon.colcon_core.package_identification:_identify(.) by extension 'cmake'
[5.642s] Level 1:colcon.colcon_core.package_identification:_identify(.) by extension 'python'
[5.642s] Level 1:colcon.colcon_core.package_identification:_identify(.) by extensions ['python_setup_py']
[5.642s] Level 1:colcon.colcon_core.package_identification:_identify(.) by extension 'python_setup_py'
[5.643s] Level 1:colcon.colcon_core.package_identification:_identify(build) by extensions ['ignore', 'ignore_ament_install']
[5.643s] Level 1:colcon.colcon_core.package_identification:_identify(build) by extension 'ignore'
[5.644s] Level 1:colcon.colcon_core.package_identification:_identify(build) ignored
[5.644s] Level 1:colcon.colcon_core.package_identification:_identify(install) by extensions ['ignore', 'ignore_ament_install']
[5.645s] Level 1:colcon.colcon_core.package_identification:_identify(install) by extension 'ignore'
[5.645s] Level 1:colcon.colcon_core.package_identification:_identify(install) ignored
[5.647s] Level 1:colcon.colcon_core.package_identification:_identify(log) by extensions ['ignore', 'ignore_ament_install']
[5.647s] Level 1:colcon.colcon_core.package_identification:_identify(log) by extension 'ignore'
[5.648s] Level 1:colcon.colcon_core.package_identification:_identify(log) ignored
[5.648s] Level 1:colcon.colcon_core.package_identification:_identify(src) by extensions ['ignore', 'ignore_ament_install']
[5.648s] Level 1:colcon.colcon_core.package_identification:_identify(src) by extension 'ignore'
[5.649s] Level 1:colcon.colcon_core.package_identification:_identify(src) by extension 'ignore_ament_install'
[5.649s] Level 1:colcon.colcon_core.package_identification:_identify(src) by extensions ['colcon_pkg']
[5.649s] Level 1:colcon.colcon_core.package_identification:_identify(src) by extension 'colcon_pkg'
[5.649s] Level 1:colcon.colcon_core.package_identification:_identify(src) by extensions ['colcon_meta']
[5.650s] Level 1:colcon.colcon_core.package_identification:_identify(src) by extension 'colcon_meta'
[5.650s] Level 1:colcon.colcon_core.package_identification:_identify(src) by extensions ['ros']
[5.650s] Level 1:colcon.colcon_core.package_identification:_identify(src) by extension 'ros'
[5.650s] Level 1:colcon.colcon_core.package_identification:_identify(src) by extensions ['cmake', 'python']
[5.651s] Level 1:colcon.colcon_core.package_identification:_identify(src) by extension 'cmake'
[5.651s] Level 1:colcon.colcon_core.package_identification:_identify(src) by extension 'python'
[5.651s] Level 1:colcon.colcon_core.package_identification:_identify(src) by extensions ['python_setup_py']
[5.651s] Level 1:colcon.colcon_core.package_identification:_identify(src) by extension 'python_setup_py'
[5.652s] Level 1:colcon.colcon_core.package_identification:_identify(src/robot) by extensions ['ignore', 'ignore_ament_install']
[5.652s] Level 1:colcon.colcon_core.package_identification:_identify(src/robot) by extension 'ignore'
[5.653s] Level 1:colcon.colcon_core.package_identification:_identify(src/robot) by extension 'ignore_ament_install'
[5.653s] Level 1:colcon.colcon_core.package_identification:_identify(src/robot) by extensions ['colcon_pkg']
[5.653s] Level 1:colcon.colcon_core.package_identification:_identify(src/robot) by extension 'colcon_pkg'
[5.653s] Level 1:colcon.colcon_core.package_identification:_identify(src/robot) by extensions ['colcon_meta']
[5.654s] Level 1:colcon.colcon_core.package_identification:_identify(src/robot) by extension 'colcon_meta'
[5.654s] Level 1:colcon.colcon_core.package_identification:_identify(src/robot) by extensions ['ros']
[5.654s] Level 1:colcon.colcon_core.package_identification:_identify(src/robot) by extension 'ros'
[5.668s] DEBUG:colcon.colcon_core.package_identification:Package 'src/robot' with type 'ros.ament_python' and name 'robot'
[5.669s] Level 1:colcon.colcon_core.package_identification:_identify(src/robot_bringup) by extensions ['ignore', 'ignore_ament_install']
[5.670s] Level 1:colcon.colcon_core.package_identification:_identify(src/robot_bringup) by extension 'ignore'
[5.670s] Level 1:colcon.colcon_core.package_identification:_identify(src/robot_bringup) by extension 'ignore_ament_install'
[5.671s] Level 1:colcon.colcon_core.package_identification:_identify(src/robot_bringup) by extensions ['colcon_pkg']
[5.671s] Level 1:colcon.colcon_core.package_identification:_identify(src/robot_bringup) by extension 'colcon_pkg'
[5.671s] Level 1:colcon.colcon_core.package_identification:_identify(src/robot_bringup) by extensions ['colcon_meta']
[5.671s] Level 1:colcon.colcon_core.package_identification:_identify(src/robot_bringup) by extension 'colcon_meta'
[5.672s] Level 1:colcon.colcon_core.package_identification:_identify(src/robot_bringup) by extensions ['ros']
[5.672s] Level 1:colcon.colcon_core.package_identification:_identify(src/robot_bringup) by extension 'ros'
[5.675s] DEBUG:colcon.colcon_core.package_identification:Package 'src/robot_bringup' with type 'ros.ament_python' and name 'robot_bringup'
[5.676s] Level 1:colcon.colcon_core.package_identification:_identify(src/robot_interfaces) by extensions ['ignore', 'ignore_ament_install']
[5.677s] Level 1:colcon.colcon_core.package_identification:_identify(src/robot_interfaces) by extension 'ignore'
[5.677s] Level 1:colcon.colcon_core.package_identification:_identify(src/robot_interfaces) by extension 'ignore_ament_install'
[5.677s] Level 1:colcon.colcon_core.package_identification:_identify(src/robot_interfaces) by extensions ['colcon_pkg']
[5.677s] Level 1:colcon.colcon_core.package_identification:_identify(src/robot_interfaces) by extension 'colcon_pkg'
[5.678s] Level 1:colcon.colcon_core.package_identification:_identify(src/robot_interfaces) by extensions ['colcon_meta']
[5.678s] Level 1:colcon.colcon_core.package_identification:_identify(src/robot_interfaces) by extension 'colcon_meta'
[5.678s] Level 1:colcon.colcon_core.package_identification:_identify(src/robot_interfaces) by extensions ['ros']
[5.678s] Level 1:colcon.colcon_core.package_identification:_identify(src/robot_interfaces) by extension 'ros'
[5.682s] DEBUG:colcon.colcon_core.package_identification:Package 'src/robot_interfaces' with type 'ros.ament_cmake' and name 'robot_interfaces'
[5.683s] Level 1:colcon.colcon_core.package_identification:_identify(src/rplidar_ros) by extensions ['ignore', 'ignore_ament_install']
[5.683s] Level 1:colcon.colcon_core.package_identification:_identify(src/rplidar_ros) by extension 'ignore'
[5.683s] Level 1:colcon.colcon_core.package_identification:_identify(src/rplidar_ros) by extension 'ignore_ament_install'
[5.684s] Level 1:colcon.colcon_core.package_identification:_identify(src/rplidar_ros) by extensions ['colcon_pkg']
[5.684s] Level 1:colcon.colcon_core.package_identification:_identify(src/rplidar_ros) by extension 'colcon_pkg'
[5.684s] Level 1:colcon.colcon_core.package_identification:_identify(src/rplidar_ros) by extensions ['colcon_meta']
[5.684s] Level 1:colcon.colcon_core.package_identification:_identify(src/rplidar_ros) by extension 'colcon_meta'
[5.685s] Level 1:colcon.colcon_core.package_identification:_identify(src/rplidar_ros) by extensions ['ros']
[5.685s] Level 1:colcon.colcon_core.package_identification:_identify(src/rplidar_ros) by extension 'ros'
[5.688s] DEBUG:colcon.colcon_core.package_identification:Package 'src/rplidar_ros' with type 'ros.ament_cmake' and name 'rplidar_ros'
[5.688s] Level 1:colcon.colcon_core.package_discovery:discover_packages(recursive) using defaults
[5.688s] Level 1:colcon.colcon_core.package_discovery:discover_packages(ignore) discover
[5.688s] Level 1:colcon.colcon_core.package_discovery:discover_packages(ignore) using defaults
[5.689s] Level 1:colcon.colcon_core.package_discovery:discover_packages(path) discover
[5.689s] Level 1:colcon.colcon_core.package_discovery:discover_packages(path) using defaults
[6.074s] INFO:colcon.colcon_core.package_selection:Skipping not selected package 'robot' in 'src/robot'
[6.074s] INFO:colcon.colcon_core.package_selection:Skipping not selected package 'robot_bringup' in 'src/robot_bringup'
[6.074s] INFO:colcon.colcon_core.package_selection:Skipping not selected package 'robot_interfaces' in 'src/robot_interfaces'
[6.218s] Level 1:colcon.colcon_core.package_discovery:discover_packages(prefix_path) check parameters
[6.219s] Level 1:colcon.colcon_core.package_discovery:discover_packages(prefix_path) discover
[6.378s] DEBUG:colcon.colcon_installed_package_information.package_discovery:Found 3 installed packages in /home/scott/alpha_ws/install
[6.459s] DEBUG:colcon.colcon_installed_package_information.package_discovery:Found 271 installed packages in /opt/ros/humble
[6.466s] Level 1:colcon.colcon_core.package_discovery:discover_packages(prefix_path) using defaults
[6.930s] Level 5:colcon.colcon_core.verb:set package 'rplidar_ros' build argument 'cmake_args' from command line to 'None'
[6.931s] Level 5:colcon.colcon_core.verb:set package 'rplidar_ros' build argument 'cmake_target' from command line to 'None'
[6.931s] Level 5:colcon.colcon_core.verb:set package 'rplidar_ros' build argument 'cmake_target_skip_unavailable' from command line to 'False'
[6.931s] Level 5:colcon.colcon_core.verb:set package 'rplidar_ros' build argument 'cmake_clean_cache' from command line to 'False'
[6.931s] Level 5:colcon.colcon_core.verb:set package 'rplidar_ros' build argument 'cmake_clean_first' from command line to 'False'
[6.931s] Level 5:colcon.colcon_core.verb:set package 'rplidar_ros' build argument 'cmake_force_configure' from command line to 'False'
[6.931s] Level 5:colcon.colcon_core.verb:set package 'rplidar_ros' build argument 'ament_cmake_args' from command line to 'None'
[6.932s] Level 5:colcon.colcon_core.verb:set package 'rplidar_ros' build argument 'catkin_cmake_args' from command line to 'None'
[6.932s] Level 5:colcon.colcon_core.verb:set package 'rplidar_ros' build argument 'catkin_skip_building_tests' from command line to 'False'
[6.932s] DEBUG:colcon.colcon_core.verb:Building package 'rplidar_ros' with the following arguments: {'ament_cmake_args': None, 'build_base': '/home/scott/alpha_ws/build/rplidar_ros', 'catkin_cmake_args': None, 'catkin_skip_building_tests': False, 'cmake_args': None, 'cmake_clean_cache': False, 'cmake_clean_first': False, 'cmake_force_configure': False, 'cmake_target': None, 'cmake_target_skip_unavailable': False, 'install_base': '/home/scott/alpha_ws/install/rplidar_ros', 'merge_install': False, 'path': '/home/scott/alpha_ws/src/rplidar_ros', 'symlink_install': False, 'test_result_base': None}
[7.003s] INFO:colcon.colcon_core.executor:Executing jobs using 'parallel' executor
[7.079s] DEBUG:colcon.colcon_parallel_executor.executor.parallel:run_until_complete
[7.080s] INFO:colcon.colcon_ros.task.ament_cmake.build:Building ROS package in '/home/scott/alpha_ws/src/rplidar_ros' with build type 'ament_cmake'
[7.080s] INFO:colcon.colcon_cmake.task.cmake.build:Building CMake package in '/home/scott/alpha_ws/src/rplidar_ros'
[7.175s] INFO:colcon.colcon_core.plugin_system:Skipping extension 'colcon_core.shell.bat': Not used on non-Windows systems
[7.177s] INFO:colcon.colcon_core.shell:Skip shell extension 'powershell' for command environment: Not usable outside of PowerShell
[7.177s] DEBUG:colcon.colcon_core.shell:Skip shell extension 'dsv' for command environment
[7.438s] DEBUG:colcon.colcon_core.event_handler.log_command:Invoking command in '/home/scott/alpha_ws/build/rplidar_ros': CMAKE_PREFIX_PATH=${CMAKE_PREFIX_PATH}:/home/scott/alpha_ws/install/robot_bringup:/home/scott/alpha_ws/install/robot:/opt/ros/humble /usr/bin/cmake /home/scott/alpha_ws/src/rplidar_ros -DCMAKE_INSTALL_PREFIX=/home/scott/alpha_ws/install/rplidar_ros
[18.500s] DEBUG:colcon.colcon_core.event_handler.log_command:Invoked command in '/home/scott/alpha_ws/build/rplidar_ros' returned '0': CMAKE_PREFIX_PATH=${CMAKE_PREFIX_PATH}:/home/scott/alpha_ws/install/robot_bringup:/home/scott/alpha_ws/install/robot:/opt/ros/humble /usr/bin/cmake /home/scott/alpha_ws/src/rplidar_ros -DCMAKE_INSTALL_PREFIX=/home/scott/alpha_ws/install/rplidar_ros
[18.511s] DEBUG:colcon.colcon_core.event_handler.log_command:Invoking command in '/home/scott/alpha_ws/build/rplidar_ros': CMAKE_PREFIX_PATH=${CMAKE_PREFIX_PATH}:/home/scott/alpha_ws/install/robot_bringup:/home/scott/alpha_ws/install/robot:/opt/ros/humble /usr/bin/cmake --build /home/scott/alpha_ws/build/rplidar_ros -- -j4 -l4
[457.560s] DEBUG:colcon.colcon_parallel_executor.executor.parallel:closing loop
[458.535s] DEBUG:colcon.colcon_parallel_executor.executor.parallel:loop closed
[458.943s] ERROR:colcon.colcon_core.event_reactor:Exception in event handler extension 'log': unsupported operand type(s) for /: 'PosixPath' and 'NoneType'
Traceback (most recent call last):
  File "/usr/lib/python3/dist-packages/colcon_core/event_reactor.py", line 78, in _notify_observers
    retval = observer(event)
  File "/usr/lib/python3/dist-packages/colcon_output/event_handler/log.py", line 121, in __call__
    base_path = get_log_directory(job)
  File "/usr/lib/python3/dist-packages/colcon_output/event_handler/log.py", line 178, in get_log_directory
    log_path = get_log_path()
  File "/usr/lib/python3/dist-packages/colcon_core/location.py", line 99, in get_log_path
    return Path(str(path)) / _log_subdirectory
TypeError: unsupported operand type(s) for /: 'PosixPath' and 'NoneType'

[458.965s] ERROR:colcon.colcon_core.event_reactor:Exception in event handler extension 'log': unsupported operand type(s) for /: 'PosixPath' and 'NoneType'
Traceback (most recent call last):
  File "/usr/lib/python3/dist-packages/colcon_core/event_reactor.py", line 78, in _notify_observers
    retval = observer(event)
  File "/usr/lib/python3/dist-packages/colcon_output/event_handler/log.py", line 121, in __call__
    base_path = get_log_directory(job)
  File "/usr/lib/python3/dist-packages/colcon_output/event_handler/log.py", line 178, in get_log_directory
    log_path = get_log_path()
  File "/usr/lib/python3/dist-packages/colcon_core/location.py", line 99, in get_log_path
    return Path(str(path)) / _log_subdirectory
TypeError: unsupported operand type(s) for /: 'PosixPath' and 'NoneType'

[458.967s] ERROR:colcon.colcon_core.event_reactor:Exception in event handler extension 'log': unsupported operand type(s) for /: 'PosixPath' and 'NoneType'
Traceback (most recent call last):
  File "/usr/lib/python3/dist-packages/colcon_core/event_reactor.py", line 78, in _notify_observers
    retval = observer(event)
  File "/usr/lib/python3/dist-packages/colcon_output/event_handler/log.py", line 121, in __call__
    base_path = get_log_directory(job)
  File "/usr/lib/python3/dist-packages/colcon_output/event_handler/log.py", line 178, in get_log_directory
    log_path = get_log_path()
  File "/usr/lib/python3/dist-packages/colcon_core/location.py", line 99, in get_log_path
    return Path(str(path)) / _log_subdirectory
TypeError: unsupported operand type(s) for /: 'PosixPath' and 'NoneType'

[458.968s] ERROR:colcon.colcon_core.event_reactor:Exception in event handler extension 'log': unsupported operand type(s) for /: 'PosixPath' and 'NoneType'
Traceback (most recent call last):
  File "/usr/lib/python3/dist-packages/colcon_core/event_reactor.py", line 78, in _notify_observers
    retval = observer(event)
  File "/usr/lib/python3/dist-packages/colcon_output/event_handler/log.py", line 121, in __call__
    base_path = get_log_directory(job)
  File "/usr/lib/python3/dist-packages/colcon_output/event_handler/log.py", line 178, in get_log_directory
    log_path = get_log_path()
  File "/usr/lib/python3/dist-packages/colcon_core/location.py", line 99, in get_log_path
    return Path(str(path)) / _log_subdirectory
TypeError: unsupported operand type(s) for /: 'PosixPath' and 'NoneType'

[458.969s] ERROR:colcon.colcon_core.event_reactor:Exception in event handler extension 'log': unsupported operand type(s) for /: 'PosixPath' and 'NoneType'
Traceback (most recent call last):
  File "/usr/lib/python3/dist-packages/colcon_core/event_reactor.py", line 78, in _notify_observers
    retval = observer(event)
  File "/usr/lib/python3/dist-packages/colcon_output/event_handler/log.py", line 121, in __call__
    base_path = get_log_directory(job)
  File "/usr/lib/python3/dist-packages/colcon_output/event_handler/log.py", line 178, in get_log_directory
    log_path = get_log_path()
  File "/usr/lib/python3/dist-packages/colcon_core/location.py", line 99, in get_log_path
    return Path(str(path)) / _log_subdirectory
TypeError: unsupported operand type(s) for /: 'PosixPath' and 'NoneType'

[460.489s] INFO:colcon.colcon_core.plugin_system:Skipping extension 'colcon_notification.desktop_notification.terminal_notifier': Not used on non-Darwin systems
[460.490s] INFO:colcon.colcon_core.plugin_system:Skipping extension 'colcon_notification.desktop_notification.win32': Not used on non-Windows systems
[460.491s] INFO:colcon.colcon_notification.desktop_notification:Sending desktop notification using 'notify2'
